2025-11-17 01:27:15,299 - INFO - === Encryptor V19 Dimulai ===
2025-11-17 01:27:15,301 - INFO - Ruang disk cukup. File 'test_data_asymmetric/test_input.txt' (1024 bytes) akan menghasilkan sekitar 66760 bytes di 'test_data_asymmetric'.
2025-11-17 01:27:15,302 - INFO - Memulai encrypted file (simple) di direktori: test_data_asymmetric
2025-11-17 01:27:15,302 - INFO - Ukuran file input: 1024 bytes
2025-11-17 01:28:11,217 - INFO - Ukuran file output: 39330 bytes
2025-11-17 01:28:11,218 - INFO - Verifikasi integritas output berhasil untuk test_data_asymmetric/test_input.encrypted
2025-11-17 01:28:11,218 - INFO - Durasi encrypted: 55.92 detik
2025-11-17 01:28:11,218 - INFO - Encrypted (simple) berhasil ke file di direktori: test_data_asymmetric
2025-11-17 01:28:11,218 - INFO - Memulai decryption file (simple) ke direktori: test_data_asymmetric
2025-11-17 01:28:11,218 - INFO - Ukuran file input: 39330 bytes
2025-11-17 01:29:09,411 - INFO - Ukuran file output: 1024 bytes
2025-11-17 01:29:09,411 - INFO - Durasi decryption: 58.19 detik
2025-11-17 01:29:09,411 - INFO - Decryption (simple) berhasil ke file di direktori: test_data_asymmetric
2025-11-17 01:29:09,413 - INFO - Ruang disk cukup. File 'test_data/test_input.txt' (1024 bytes) akan menghasilkan sekitar 66760 bytes di 'test_data'.
2025-11-17 01:29:09,413 - INFO - Memulai encrypted file (simple) di direktori: test_data
2025-11-17 01:29:09,413 - INFO - Ukuran file input: 1024 bytes
2025-11-17 01:29:27,098 - INFO - Ukuran file output: 7216 bytes
2025-11-17 01:29:27,099 - INFO - Verifikasi integritas output berhasil untuk test_data/test_input.encrypted
2025-11-17 01:29:27,099 - INFO - Durasi encrypted: 17.69 detik
2025-11-17 01:29:27,099 - INFO - Encrypted (simple) berhasil ke file di direktori: test_data
2025-11-17 01:29:27,099 - INFO - Memulai decryption file (simple) ke direktori: test_data
2025-11-17 01:29:27,099 - INFO - Ukuran file input: 7216 bytes
2025-11-17 01:29:59,552 - ERROR - Decryption gagal (otentikasi AES-GCM cryptography) untuk test_data/test_input.encrypted:
2025-11-17 01:29:59,553 - INFO - Ruang disk cukup. File 'test_data/test_input.txt' (1024 bytes) akan menghasilkan sekitar 66760 bytes di 'test_data'.
2025-11-17 01:29:59,553 - INFO - Memulai encrypted file (simple) di direktori: test_data
2025-11-17 01:29:59,553 - INFO - Ukuran file input: 1024 bytes
2025-11-17 01:30:16,388 - INFO - Ukuran file output: 9158 bytes
2025-11-17 01:30:16,388 - INFO - Verifikasi integritas output berhasil untuk test_data/test_input.encrypted
2025-11-17 01:30:16,388 - INFO - Durasi encrypted: 16.83 detik
2025-11-17 01:30:16,388 - INFO - Encrypted (simple) berhasil ke file di direktori: test_data
2025-11-17 01:30:16,388 - INFO - Memulai decryption file (simple) ke direktori: test_data
2025-11-17 01:30:16,388 - INFO - Ukuran file input: 9158 bytes
2025-11-17 01:30:31,668 - ERROR - Gagal mendekripsi header:
2025-11-17 01:30:31,669 - INFO - Ruang disk cukup. File 'test_data/test_input.txt' (1024 bytes) akan menghasilkan sekitar 66760 bytes di 'test_data'.
2025-11-17 01:30:31,669 - INFO - Memulai encrypted file (simple) di direktori: test_data
2025-11-17 01:30:31,669 - INFO - Ukuran file input: 1024 bytes
2025-11-17 01:30:51,371 - INFO - Ukuran file output: 67148 bytes
2025-11-17 01:30:51,372 - INFO - Verifikasi integritas output berhasil untuk test_data/test_input.encrypted
2025-11-17 01:30:51,372 - INFO - Durasi encrypted: 19.70 detik
2025-11-17 01:30:51,372 - INFO - Encrypted (simple) berhasil ke file di direktori: test_data
2025-11-17 01:30:51,372 - INFO - Memulai decryption file (simple) ke direktori: test_data
2025-11-17 01:30:51,372 - INFO - Ukuran file input: 67148 bytes
2025-11-17 01:31:25,036 - INFO - Ukuran file output: 1024 bytes
2025-11-17 01:31:25,036 - INFO - Durasi decryption: 33.66 detik
2025-11-17 01:31:25,036 - INFO - Decryption (simple) berhasil ke file di direktori: test_data
2025-11-17 01:31:41,147 - INFO - Master Key baru berhasil dibuat dan disimpan.
2025-11-17 01:31:41,147 - INFO - Ruang disk cukup. File 'test_data/test_input.txt' (1024 bytes) akan menghasilkan sekitar 66760 bytes di 'test_data'.
2025-11-17 01:31:41,147 - INFO - Memulai encrypted file (dengan Master Key) di direktori: test_data
2025-11-17 01:31:41,147 - INFO - Ukuran file input: 1024 bytes
2025-11-17 01:31:42,252 - INFO - Ukuran file output: 59829 bytes
2025-11-17 01:31:42,252 - INFO - Verifikasi integritas output berhasil untuk test_data/test_input.encrypted
2025-11-17 01:31:42,252 - INFO - Durasi encrypted: 1.11 detik
2025-11-17 01:31:42,253 - INFO - Encrypted (dengan Master Key) berhasil ke file di direktori: test_data
2025-11-17 01:31:42,253 - INFO - Memulai decryption file (dengan Master Key) ke direktori: test_data
2025-11-17 01:31:42,253 - INFO - Ukuran file input: 59829 bytes
2025-11-17 01:31:43,358 - INFO - Ukuran file output: 1024 bytes
2025-11-17 01:31:43,358 - INFO - Durasi decryption: 1.11 detik
2025-11-17 01:31:43,358 - INFO - Decryption (dengan Master Key) berhasil ke file di direktori: test_data
2025-11-17 01:31:43,358 - INFO - File Master Key '.master_key_encrypted_v18' dihapus secara otomatis setelah decryption berhasil.
2025-11-17 01:31:58,931 - INFO - Master Key baru berhasil dibuat dan disimpan.
2025-11-17 01:31:58,931 - INFO - Ruang disk cukup. File 'test_interactive/test_input.txt' (41 bytes) akan menghasilkan sekitar 65777 bytes di 'test_interactive'.
2025-11-17 01:31:58,931 - INFO - Memulai encrypted file (dengan Master Key) di direktori: test_interactive
2025-11-17 01:31:58,931 - INFO - Ukuran file input: 41 bytes
2025-11-17 01:32:00,035 - INFO - Ukuran file output: 48303 bytes
2025-11-17 01:32:00,036 - INFO - Verifikasi integritas output berhasil untuk test_interactive/test_input.encrypted
2025-11-17 01:32:00,036 - INFO - Durasi encrypted: 1.10 detik
2025-11-17 01:32:00,036 - INFO - Encrypted (dengan Master Key) berhasil ke file di direktori: test_interactive
2025-11-17 01:32:00,038 - INFO - === Encryptor V19 Dimulai ===
2025-11-17 01:32:00,048 - INFO - Validasi password/keyfile berhasil.
2025-11-17 01:32:15,387 - INFO - Master Key berhasil dimuat dari file.
2025-11-17 01:32:15,387 - INFO - Memulai decryption file (dengan Master Key): test_interactive/test_input.encrypted
2025-11-17 01:32:15,387 - INFO - Ukuran file input: 48303 bytes
2025-11-17 01:32:16,492 - INFO - Ukuran file output: 41 bytes
2025-11-17 01:32:16,492 - INFO - Durasi decryption: 1.10 detik
2025-11-17 01:32:16,492 - INFO - Decryption (dengan Master Key) berhasil dan checksum cocok: test_interactive/test_input.encrypted -> test_interactive/test_output.txt
2025-11-17 01:32:16,493 - INFO - File Master Key '.master_key_encrypted_v18' dihapus secara otomatis setelah decryption berhasil.
2025-11-17 01:32:16,497 - INFO - === Encryptor V18 (With Advanced Features (cryptography)) Selesai ===
2025-11-17 01:32:16,499 - INFO - === Encryptor V19 Dimulai ===
2025-11-17 01:32:16,503 - INFO - Validasi password/keyfile berhasil.
2025-11-17 01:32:32,619 - INFO - Master Key baru berhasil dibuat dan disimpan.
2025-11-17 01:32:32,620 - INFO - Ruang disk cukup. File 'test_interactive/test_input.txt' (41 bytes) akan menghasilkan sekitar 65777 bytes di 'test_interactive'.
2025-11-17 01:32:32,620 - INFO - Memulai encrypted file (dengan Master Key): test_interactive/test_input.txt
2025-11-17 01:32:32,620 - INFO - Ukuran file input: 41 bytes
2025-11-17 01:32:33,723 - INFO - Ukuran file output: 3747 bytes
2025-11-17 01:32:33,723 - INFO - Verifikasi integritas output berhasil untuk test_interactive/test_input.encrypted
2025-11-17 01:32:33,723 - INFO - Durasi encrypted: 1.10 detik
2025-11-17 01:32:33,724 - INFO - Encrypted (dengan Master Key) berhasil: test_interactive/test_input.txt -> test_interactive/test_input.encrypted
2025-11-17 01:32:33,728 - INFO - === Encryptor V18 (With Advanced Features (cryptography)) Selesai ===
2025-11-17 01:32:33,730 - INFO - === Encryptor V19 Dimulai ===
2025-11-17 01:32:33,744 - INFO - === Encryptor V18 (With Advanced Features (cryptography)) Selesai ===
2025-11-17 01:32:33,745 - INFO - Ruang disk cukup. File 'test_data_kdf/test_input.txt' (1024 bytes) akan menghasilkan sekitar 66760 bytes di 'test_data_kdf'.
2025-11-17 01:32:33,745 - INFO - Memulai encrypted file (simple) di direktori: test_data_kdf
2025-11-17 01:32:33,745 - INFO - Ukuran file input: 1024 bytes
2025-11-17 01:32:35,003 - INFO - Ukuran file output: 12010 bytes
2025-11-17 01:32:35,004 - INFO - Verifikasi integritas output berhasil untuk test_data_kdf/test_input.encrypted
2025-11-17 01:32:35,004 - INFO - Durasi encrypted: 1.26 detik
2025-11-17 01:32:35,004 - INFO - Encrypted (simple) berhasil ke file di direktori: test_data_kdf
2025-11-17 01:32:35,004 - INFO - Memulai decryption file (simple) ke direktori: test_data_kdf
2025-11-17 01:32:35,004 - INFO - Ukuran file input: 12010 bytes
2025-11-17 01:32:36,434 - INFO - Ukuran file output: 1024 bytes
2025-11-17 01:32:36,434 - INFO - Durasi decryption: 1.43 detik
2025-11-17 01:32:36,434 - INFO - Decryption (simple) berhasil ke file di direktori: test_data_kdf
2025-11-17 01:32:36,435 - INFO - Ruang disk cukup. File 'test_data_kdf/test_input.txt' (1024 bytes) akan menghasilkan sekitar 66760 bytes di 'test_data_kdf'.
2025-11-17 01:32:36,435 - INFO - Memulai encrypted file (simple) di direktori: test_data_kdf
2025-11-17 01:32:36,435 - INFO - Ukuran file input: 1024 bytes
2025-11-17 01:32:45,481 - INFO - Ukuran file output: 7713 bytes
2025-11-17 01:32:45,482 - INFO - Verifikasi integritas output berhasil untuk test_data_kdf/test_input.encrypted
2025-11-17 01:32:45,482 - INFO - Durasi encrypted: 9.05 detik
2025-11-17 01:32:45,482 - INFO - Encrypted (simple) berhasil ke file di direktori: test_data_kdf
2025-11-17 01:32:45,482 - INFO - Memulai decryption file (simple) ke direktori: test_data_kdf
2025-11-17 01:32:45,482 - INFO - Ukuran file input: 7713 bytes
2025-11-17 01:33:04,250 - INFO - Ukuran file output: 1024 bytes
2025-11-17 01:33:04,250 - INFO - Durasi decryption: 18.77 detik
2025-11-17 01:33:04,250 - INFO - Decryption (simple) berhasil ke file di direktori: test_data_kdf
2025-11-17 01:33:05,356 - INFO - File 'test_data_utils/wipe_me.txt' dihapus secara aman (1 passes).
2025-11-17 01:33:05,357 - WARNING - Peringatan validasi untuk input: Password terlalu pendek (kurang dari 12 karakter)., Password hanya berisi huruf., Password tidak memiliki huruf besar., Password tidak memiliki karakter khusus (!@#...).
2025-11-17 01:33:05,357 - WARNING - Peringatan validasi untuk input: Password hanya berisi huruf., Password tidak memiliki huruf besar., Password tidak memiliki karakter khusus (!@#...).
2025-11-17 01:33:05,357 - WARNING - Peringatan validasi untuk input: Password hanya berisi angka., Password tidak memiliki karakter khusus (!@#...).
2025-11-17 01:33:05,357 - INFO - Validasi password/keyfile berhasil.
2025-11-17 01:33:05,358 - INFO - Cleanup file sementara selesai.
